<?xml version="1.0" encoding="UTF-8"?>
<!-- Generated by org.testng.reporters.JUnitReportReporter -->
<testsuite hostname="LAPTOP-5K836TPI" failures="0" tests="1" name="com.api.auto.testcase.TC_API_Login2" time="0.925" errors="0" timestamp="2023-03-31T13:08:59 ICT" skipped="0">
  <testcase classname="com.api.auto.testcase.TC_API_Login2" name="TC03_ValidateToken" time="0.925"/>
  <system-out/>
</testsuite> <!-- com.api.auto.testcase.TC_API_Login2 -->
