<?xml version="1.0" encoding="UTF-8"?>
<!-- Generated by org.testng.reporters.JUnitReportReporter -->
<testsuite hostname="LAPTOP-5K836TPI" failures="0" tests="5" name="com.api.auto.testcase.TC_API_Login" time="1.092" errors="0" timestamp="2023-03-31T15:20:43 ICT" skipped="0">
  <testcase classname="com.api.auto.testcase.TC_API_Login" name="TC01_Validate200Ok" time="0.030"/>
  <system-out/>
  <testcase classname="com.api.auto.testcase.TC_API_Login" name="TC02_ValidateMessage" time="0.931"/>
  <system-out/>
  <testcase classname="com.api.auto.testcase.TC_API_Login" name="TC03_ValidateToken" time="0.046"/>
  <system-out/>
  <testcase classname="com.api.auto.testcase.TC_API_Login" name="TC05_ValidateUserType" time="0.032"/>
  <system-out/>
  <testcase classname="com.api.auto.testcase.TC_API_Login" name="TC06_ValidateAccount" time="0.053"/>
  <system-out/>
</testsuite> <!-- com.api.auto.testcase.TC_API_Login -->
